[2026-05-07T21:30:23.928Z] [INFO]  Creating a new Database instance
[2026-05-07T21:30:23.930Z] [INFO]  Connection pool established.
[2026-05-07T21:30:23.953Z] [INFO]  Server running on PORT:3000
[2026-05-07T21:30:24.045Z] [INFO]  All tables are ready.
[2026-05-07T21:31:25.475Z] [INFO]  Authenticating a customer login attempt.
[2026-05-07T21:36:03.870Z] [INFO]  Registering a new restaurant manager account.
[2026-05-07T21:37:38.579Z] [INFO]  Authenticating a customer login attempt.
[2026-05-07T21:40:36.454Z] [INFO]  Creating a new Database instance
[2026-05-07T21:40:36.457Z] [INFO]  Connection pool established.
[2026-05-07T21:40:36.484Z] [INFO]  Server running on PORT:3000
[2026-05-07T21:40:36.528Z] [INFO]  All tables are ready.
[2026-05-07T21:41:48.539Z] [INFO]  Creating a new Database instance
[2026-05-07T21:41:48.541Z] [INFO]  Connection pool established.
[2026-05-07T21:41:48.560Z] [INFO]  Server running on PORT:3000
[2026-05-07T21:41:48.590Z] [INFO]  All tables are ready.
[2026-05-07T21:41:57.489Z] [INFO]  Registering a new courier account.
[2026-05-07T21:48:10.278Z] [INFO]  Creating a new Database instance
[2026-05-07T21:48:10.281Z] [INFO]  Connection pool established.
[2026-05-07T21:48:10.299Z] [INFO]  Server running on PORT:3000
[2026-05-07T21:48:10.327Z] [INFO]  All tables are ready.
[2026-05-07T21:48:35.664Z] [INFO]  Authenticating a customer login attempt.
[2026-05-07T21:48:47.895Z] [INFO]  Authenticating a customer login attempt.
[2026-05-07T21:52:33.690Z] [INFO]  Creating a new Database instance
[2026-05-07T21:52:33.693Z] [INFO]  Connection pool established.
[2026-05-07T21:52:33.714Z] [INFO]  Server running on PORT:3000
[2026-05-07T21:52:33.747Z] [INFO]  All tables are ready.
[2026-05-07T21:55:33.235Z] [INFO]  Creating a new Database instance
[2026-05-07T21:55:33.238Z] [INFO]  Connection pool established.
[2026-05-07T21:55:33.263Z] [INFO]  Server running on PORT:3000
[2026-05-07T21:55:33.310Z] [INFO]  All tables are ready.
[2026-05-07T21:57:41.244Z] [INFO]  Creating a new Database instance
[2026-05-07T21:57:41.247Z] [INFO]  Connection pool established.
[2026-05-07T21:57:41.266Z] [INFO]  Server running on PORT:3000
[2026-05-07T21:57:41.298Z] [INFO]  All tables are ready.
[2026-05-07T21:58:16.431Z] [INFO]  Creating a new Database instance
[2026-05-07T21:58:16.433Z] [INFO]  Connection pool established.
[2026-05-07T21:58:16.453Z] [INFO]  Server running on PORT:3000
[2026-05-07T21:58:16.479Z] [INFO]  All tables are ready.
[2026-05-07T21:58:17.519Z] [INFO]  Creating a new Database instance
[2026-05-07T21:58:17.522Z] [INFO]  Connection pool established.
[2026-05-07T21:58:17.540Z] [INFO]  Server running on PORT:3000
[2026-05-07T21:58:17.571Z] [INFO]  All tables are ready.
[2026-05-07T21:58:18.531Z] [INFO]  Creating a new Database instance
[2026-05-07T21:58:18.534Z] [INFO]  Connection pool established.
[2026-05-07T21:58:18.552Z] [INFO]  Server running on PORT:3000
[2026-05-07T21:58:18.582Z] [INFO]  All tables are ready.
[2026-05-07T21:58:30.030Z] [INFO]  Creating a new Database instance
[2026-05-07T21:58:30.033Z] [INFO]  Connection pool established.
[2026-05-07T21:58:30.052Z] [INFO]  Server running on PORT:3000
[2026-05-07T21:58:30.083Z] [INFO]  All tables are ready.
[2026-05-07T21:59:04.492Z] [INFO]  Authenticating a customer login attempt.
[2026-05-07T22:00:57.711Z] [INFO]  Creating a new Database instance
[2026-05-07T22:00:57.713Z] [INFO]  Connection pool established.
[2026-05-07T22:00:57.735Z] [INFO]  Server running on PORT:3000
[2026-05-07T22:00:57.772Z] [INFO]  All tables are ready.
[2026-05-07T22:01:15.569Z] [INFO]  Authenticating a customer login attempt.
[2026-05-07T22:05:11.370Z] [INFO]  Authenticating a customer login attempt.
[2026-05-07T22:13:47.085Z] [INFO]  Authenticating a customer login attempt.
[2026-05-07T22:15:15.309Z] [WARN]  Customer login failed because the email was not found.
[2026-05-07T22:15:22.479Z] [INFO]  Authenticating a customer login attempt.
[2026-05-07T22:15:40.556Z] [INFO]  Creating a new Database instance
[2026-05-07T22:15:41.560Z] [INFO]  Connection pool established.
[2026-05-07T22:15:41.583Z] [INFO]  Server running on PORT:3000
[2026-05-07T22:15:41.616Z] [INFO]  All tables are ready.
[2026-05-08T06:02:35.112Z] [INFO]  Creating a new Database instance
[2026-05-08T06:02:35.115Z] [INFO]  Connection pool established.
[2026-05-08T06:02:35.139Z] [INFO]  Server running on PORT:3000
[2026-05-08T06:02:35.199Z] [INFO]  All tables are ready.
[2026-05-08T06:03:30.386Z] [INFO]  Authenticating a customer login attempt.
[2026-05-08T06:03:53.116Z] [INFO]  Creating a new Database instance
[2026-05-08T06:03:53.119Z] [INFO]  Connection pool established.
[2026-05-08T06:03:53.142Z] [INFO]  Server running on PORT:3000
[2026-05-08T06:03:53.188Z] [INFO]  All tables are ready.
[2026-05-08T12:10:48.278Z] [INFO]  Creating a new Database instance
[2026-05-08T12:10:48.280Z] [INFO]  Connection pool established.
[2026-05-08T12:10:48.305Z] [INFO]  Server running on PORT:3000
[2026-05-08T12:10:48.495Z] [INFO]  All tables are ready.
[2026-05-08T12:11:06.752Z] [INFO]  Authenticating a customer login attempt.
[2026-05-08T12:16:50.433Z] [INFO]  Creating a new Database instance
[2026-05-08T12:16:50.435Z] [INFO]  Connection pool established.
[2026-05-08T12:16:50.457Z] [INFO]  Server running on PORT:3000
[2026-05-08T12:16:50.498Z] [INFO]  All tables are ready.
[2026-05-09T20:02:51.444Z] [INFO]  Creating a new Database instance
[2026-05-09T20:02:51.446Z] [INFO]  Connection pool established.
[2026-05-09T20:02:51.472Z] [INFO]  Server running on PORT:3000
[2026-05-09T20:02:51.622Z] [INFO]  All tables are ready.
[2026-05-09T20:03:12.884Z] [INFO]  Authenticating a customer login attempt.
[2026-05-09T20:03:51.412Z] [INFO]  Authenticating a customer login attempt.
[2026-05-09T21:13:18.236Z] [INFO]  Registering a new restaurant manager account.
[2026-05-09T21:14:30.681Z] [WARN]  Courier login failed because the phone number was not found.
[2026-05-09T21:14:36.880Z] [INFO]  Registering a new courier account.
[2026-05-09T21:15:09.499Z] [INFO]  Authenticating a customer login attempt.
[2026-05-09T21:15:12.722Z] [INFO]  Authenticating a customer login attempt.
